#
# A fatal error has been detected by the Java Runtime Environment:
#
#  SIGSEGV (0xb) at pc=0x000000010bf0df84, pid=1187, tid=6403
#
# JRE version: Java(TM) SE Runtime Environment (14.0.1+7) (build 14.0.1+7)
# Java VM: Java HotSpot(TM) 64-Bit Server VM (14.0.1+7, mixed mode, sharing, tiered, compressed oops, g1 gc, bsd-amd64)
# Problematic frame:
# V  [libjvm.dylib+0x70df84]  EnableIf<HasDecorator<1097844ull, MO_UNORDERED>::value, oopDesc*>::type RawAccessBarrier<1097844ull>::load_internal<1097844ull, oopDesc*>(void*)+0x4
#
# No core dump will be written. Core dumps have been disabled. To enable core dumping, try "ulimit -c unlimited" before starting Java again
#
# If you would like to submit a bug report, please visit:
#   https://bugreport.java.com/bugreport/crash.jsp
#

---------------  S U M M A R Y ------------

Command Line: -Dfile.encoding=UTF-8 org.apache.catalina.startup.Tomcat$1

Host: MacBookAir7,2 x86_64 1800 MHz, 4 cores, 8G, Darwin 20.1.0
Time: Thu Dec 10 10:43:58 2020 EST elapsed time: 0 seconds (0d 0h 0m 0s)

---------------  T H R E A D  ---------------

Current thread (0x00007fec69809000):  JavaThread "main" [_thread_in_vm, id=6403, stack(0x000070000b13a000,0x000070000b23a000)]

Stack: [0x000070000b13a000,0x000070000b23a000],  sp=0x000070000b239dc0,  free space=1023k
Native frames: (J=compiled Java code, A=aot compiled Java code, j=interpreted, Vv=VM code, C=native code)
V  [libjvm.dylib+0x70df84]  EnableIf<HasDecorator<1097844ull, MO_UNORDERED>::value, oopDesc*>::type RawAccessBarrier<1097844ull>::load_internal<1097844ull, oopDesc*>(void*)+0x4
V  [libjvm.dylib+0x70df49]  oopDesc* RawAccessBarrier<1097844ull>::oop_load<oopDesc*>(void*)+0x9
V  [libjvm.dylib+0x70dfbb]  oopDesc* G1BarrierSet::AccessBarrier<1097844ull, G1BarrierSet>::oop_load_not_in_heap<oopDesc*>(oopDesc**)+0xb
V  [libjvm.dylib+0x39900f]  jni_GetStringUTFChars+0xce
C  [libjli.dylib+0x709c]  PostJVMInit+0xad
C  [libjli.dylib+0x49dd]  JavaMain+0xa4f
C  [libjli.dylib+0x6d4a]  ThreadJavaMain+0x9
C  [libsystem_pthread.dylib+0x6950]  _pthread_start+0xe0
C  [libsystem_pthread.dylib+0x247b]  thread_start+0xf


siginfo: si_signo: 11 (SIGSEGV), si_code: 1 (SEGV_MAPERR), si_addr: 0x0000000000000000

Register to memory mapping:

RAX=0x0 is NULL
RBX=0x00007fec69809310 points into unknown readable memory: 60 1c 10 0c 01 00 00 00
RCX=0x000000010c101c60: jni_NativeInterface+0 in /Library/Java/JavaVirtualMachines/jdk-14.0.1.jdk/Contents/Home/lib/server/libjvm.dylib at 0x000000010b800000
RDX=0x0 is NULL
RSP=0x000070000b239dc0 is pointing into the stack for thread: 0x00007fec69809000
RBP=0x000070000b239dc0 is pointing into the stack for thread: 0x00007fec69809000
RSI=0x0 is NULL
RDI=0x0 is NULL
R8 ={method} {0x0000000800331270} 'getCanonicalName' '()Ljava/lang/String;' in 'java/lang/Class'
R9 =0x00007fec67f046b0 points into unknown readable memory: 70 12 33 00 08 00 00 00
R10=0x000000010c1797d0: _ZN19TemplateInterpreter13_active_tableE+0x4800 in /Library/Java/JavaVirtualMachines/jdk-14.0.1.jdk/Contents/Home/lib/server/libjvm.dylib at 0x000000010b800000
R11=0x00000008009ea900 is pointing into metadata
R12=0x00007fec69809000 is a thread
R13=0x0 is NULL
R14=0x0 is NULL
R15=0x0 is NULL


Registers:
RAX=0x0000000000000000, RBX=0x00007fec69809310, RCX=0x000000010c101c60, RDX=0x0000000000000000
RSP=0x000070000b239dc0, RBP=0x000070000b239dc0, RSI=0x0000000000000000, RDI=0x0000000000000000
R8 =0x0000000800331270, R9 =0x00007fec67f046b0, R10=0x000000010c1797d0, R11=0x00000008009ea900
R12=0x00007fec69809000, R13=0x0000000000000000, R14=0x0000000000000000, R15=0x0000000000000000
RIP=0x000000010bf0df84, EFLAGS=0x0000000000010246, ERR=0x0000000000000004
  TRAPNO=0x000000000000000e

Top of Stack: (sp=0x000070000b239dc0)
0x000070000b239dc0:   000070000b239dd0 000000010bf0df49
0x000070000b239dd0:   000070000b239df0 000000010bf0dfbb
0x000070000b239de0:   0000000000000000 00007fec69809310
0x000070000b239df0:   000070000b239e80 000000010bb9900f
0x000070000b239e00:   0000000000000000 00007fec69809310
0x000070000b239e10:   0000000109447ba2 00007fec0000000c
0x000070000b239e20:   1147a9749e0c0046 00007fec69809310
0x000070000b239e30:   00007fec69809000 0000000000000000
0x000070000b239e40:   00007fec69809310 00007fec69809000
0x000070000b239e50:   000070000b239e80 00007fec69809310
0x000070000b239e60:   00007fec67f05430 0000000000000000
0x000070000b239e70:   0000000000000000 00007fec67f05438
0x000070000b239e80:   000070000b239f10 000000010944409c
0x000070000b239e90:   00007fec69809310 00007fec69809000
0x000070000b239ea0:   000070000b239ed0 000000010bb85acb
0x000070000b239eb0:   1147a9749e0c0046 00007fec69809310
0x000070000b239ec0:   00007fec67f05430 0000000000000000
0x000070000b239ed0:   00007fec69809310 00007fec69809000
0x000070000b239ee0:   000070000b239f10 1147a9749e0c0046
0x000070000b239ef0:   00007fec69809310 00007fec67f05430
0x000070000b239f00:   00007fec67f05448 00007fec67f05438
0x000070000b239f10:   000070000b239fa0 00000001094419dd
0x000070000b239f20:   0000000000000000 000001764d60ae29
0x000070000b239f30:   0000000400010002 00007fec67d0dbd0
0x000070000b239f40:   0000000000000000 0000000000000000
0x000070000b239f50:   00007fec67d11058 0000000000000001
0x000070000b239f60:   00007fec67d10fe0 00007fec69809310
0x000070000b239f70:   000000010c101c58 000070000b23a000
0x000070000b239f80:   0000000000000000 0000000000000000
0x000070000b239f90:   0000000000000000 0000000000000000
0x000070000b239fa0:   000070000b239fb0 0000000109443d4a
0x000070000b239fb0:   000070000b239fd0 00007fff20321950 

Instructions: (pc=0x000000010bf0df84)
0x000000010bf0de84:   00 be e8 00 00 00 31 c0 e8 3e 47 b0 ff e8 3c b4
0x000000010bf0de94:   ed ff 31 c0 5d c3 66 0f 1f 44 00 00 55 48 89 e5
0x000000010bf0dea4:   e8 87 f8 ff ff 48 89 c7 e8 8f f8 ff ff ff c8 83
0x000000010bf0deb4:   f8 04 73 0f 48 98 48 8d 0d af 6e 1e 00 48 8b 04
0x000000010bf0dec4:   c1 5d c3 48 8d 3d ed 3a 08 00 48 8d 15 16 3b 08
0x000000010bf0ded4:   00 be e8 00 00 00 31 c0 e8 ee 46 b0 ff e8 ec b3
0x000000010bf0dee4:   ed ff 31 c0 5d c3 66 0f 1f 44 00 00 55 48 89 e5
0x000000010bf0def4:   5d e9 36 00 00 00 66 0f 1f 44 00 00 55 48 89 e5
0x000000010bf0df04:   5d e9 96 00 00 00 66 0f 1f 44 00 00 55 48 89 e5
0x000000010bf0df14:   5d e9 96 00 00 00 66 0f 1f 44 00 00 55 48 89 e5
0x000000010bf0df24:   5d e9 c6 00 00 00 66 0f 1f 44 00 00 55 48 89 e5
0x000000010bf0df34:   5d e9 06 00 00 00 66 0f 1f 44 00 00 55 48 89 e5
0x000000010bf0df44:   e8 17 00 00 00 48 89 c7 5d e9 1e 00 00 00 66 66
0x000000010bf0df54:   66 66 66 2e 0f 1f 84 00 00 00 00 00 55 48 89 e5
0x000000010bf0df64:   5d e9 16 00 00 00 66 0f 1f 44 00 00 55 48 89 e5
0x000000010bf0df74:   5d e9 16 00 00 00 66 0f 1f 44 00 00 55 48 89 e5
0x000000010bf0df84:   48 8b 07 5d c3 0f 1f 80 00 00 00 00 55 48 89 e5
0x000000010bf0df94:   48 89 f8 5d c3 0f 1f 80 00 00 00 00 55 48 89 e5
0x000000010bf0dfa4:   5d e9 96 ff ff ff 66 0f 1f 44 00 00 55 48 89 e5
0x000000010bf0dfb4:   53 50 e8 25 00 00 00 48 89 c3 bf 74 c0 10 00 48
0x000000010bf0dfc4:   89 de e8 95 f8 ff ff 48 89 d8 48 83 c4 08 5b 5d
0x000000010bf0dfd4:   c3 66 66 2e 0f 1f 84 00 00 00 00 00 55 48 89 e5
0x000000010bf0dfe4:   5d e9 56 ff ff ff 66 0f 1f 44 00 00 55 48 89 e5
0x000000010bf0dff4:   53 50 48 89 fb e8 22 00 00 00 48 89 df e8 2a 00
0x000000010bf0e004:   00 00 48 89 df 48 89 c6 48 83 c4 08 5b 5d e9 29
0x000000010bf0e014:   00 00 00 66 0f 1f 84 00 00 00 00 00 55 48 89 e5
0x000000010bf0e024:   5d c3 66 2e 0f 1f 84 00 00 00 00 00 55 48 89 e5
0x000000010bf0e034:   5d e9 06 ff ff ff 66 0f 1f 44 00 00 55 48 89 e5
0x000000010bf0e044:   41 56 53 49 89 f6 48 89 fb e8 ce ff ff ff 48 89
0x000000010bf0e054:   df 4c 89 f6 5b 41 5e 5d e9 4f f9 ff ff 66 66 66
0x000000010bf0e064:   66 66 66 2e 0f 1f 84 00 00 00 00 00 55 48 89 e5
0x000000010bf0e074:   5d e9 36 00 00 00 66 0f 1f 44 00 00 55 48 89 e5 


Stack slot to memory mapping:
stack at sp + 0 slots: 0x000070000b239dd0 is pointing into the stack for thread: 0x00007fec69809000
stack at sp + 1 slots: 0x000000010bf0df49: _ZN16RawAccessBarrierILy1097844EE8oop_loadIP7oopDescEET_Pv+0x9 in /Library/Java/JavaVirtualMachines/jdk-14.0.1.jdk/Contents/Home/lib/server/libjvm.dylib at 0x000000010b800000
stack at sp + 2 slots: 0x000070000b239df0 is pointing into the stack for thread: 0x00007fec69809000
stack at sp + 3 slots: 0x000000010bf0dfbb: _ZN12G1BarrierSet13AccessBarrierILy1097844ES_E20oop_load_not_in_heapIP7oopDescEES4_PT_+0xb in /Library/Java/JavaVirtualMachines/jdk-14.0.1.jdk/Contents/Home/lib/server/libjvm.dylib at 0x000000010b800000
stack at sp + 4 slots: 0x0 is NULL
stack at sp + 5 slots: 0x00007fec69809310 points into unknown readable memory: 60 1c 10 0c 01 00 00 00
stack at sp + 6 slots: 0x000070000b239e80 is pointing into the stack for thread: 0x00007fec69809000
stack at sp + 7 slots: 0x000000010bb9900f: jni_GetStringUTFChars+0xce in /Library/Java/JavaVirtualMachines/jdk-14.0.1.jdk/Contents/Home/lib/server/libjvm.dylib at 0x000000010b800000


---------------  P R O C E S S  ---------------

Threads class SMR info:
_java_thread_list=0x00007fec67f3eb90, length=10, elements={
0x00007fec69809000, 0x00007fec68028000, 0x00007fec68810000, 0x00007fec6889b000,
0x00007fec69832000, 0x00007fec69833000, 0x00007fec69834800, 0x00007fec6802a000,
0x00007fec68897000, 0x00007fec69860000
}

Java Threads: ( => current thread )
=>0x00007fec69809000 JavaThread "main" [_thread_in_vm, id=6403, stack(0x000070000b13a000,0x000070000b23a000)]
  0x00007fec68028000 JavaThread "Reference Handler" daemon [_thread_blocked, id=15363, stack(0x000070000b84f000,0x000070000b94f000)]
  0x00007fec68810000 JavaThread "Finalizer" daemon [_thread_blocked, id=18179, stack(0x000070000b952000,0x000070000ba52000)]
  0x00007fec6889b000 JavaThread "Signal Dispatcher" daemon [_thread_blocked, id=22275, stack(0x000070000bb5b000,0x000070000bc5b000)]
  0x00007fec69832000 JavaThread "Service Thread" daemon [_thread_blocked, id=43011, stack(0x000070000bc5e000,0x000070000bd5e000)]
  0x00007fec69833000 JavaThread "C2 CompilerThread0" daemon [_thread_blocked, id=42243, stack(0x000070000bd61000,0x000070000be61000)]
  0x00007fec69834800 JavaThread "C1 CompilerThread0" daemon [_thread_blocked, id=41731, stack(0x000070000be64000,0x000070000bf64000)]
  0x00007fec6802a000 JavaThread "Sweeper thread" daemon [_thread_blocked, id=23043, stack(0x000070000bf67000,0x000070000c067000)]
  0x00007fec68897000 JavaThread "Notification Thread" daemon [_thread_blocked, id=40963, stack(0x000070000c06a000,0x000070000c16a000)]
  0x00007fec69860000 JavaThread "Common-Cleaner" daemon [_thread_blocked, id=39683, stack(0x000070000c270000,0x000070000c370000)]

Other Threads:
  0x00007fec68027000 VMThread "VM Thread" [stack: 0x000070000b74c000,0x000070000b84c000] [id=18947]
  0x00007fec6981f000 WatcherThread [stack: 0x000070000c16d000,0x000070000c26d000] [id=40451]
  0x00007fec6882f800 GCTaskThread "GC Thread#0" [stack: 0x000070000b23d000,0x000070000b33d000] [id=12547]
  0x00007fec68840800 ConcurrentGCThread "G1 Main Marker" [stack: 0x000070000b340000,0x000070000b440000] [id=19971]
  0x00007fec68841800 ConcurrentGCThread "G1 Conc#0" [stack: 0x000070000b443000,0x000070000b543000] [id=13315]
  0x00007fec68892000 ConcurrentGCThread "G1 Refine#0" [stack: 0x000070000b546000,0x000070000b646000] [id=13827]
  0x00007fec6800d800 ConcurrentGCThread "G1 Young RemSet Sampling" [stack: 0x000070000b649000,0x000070000b749000] [id=19203]

Threads with active compile tasks:

VM state:not at safepoint (normal execution)

VM Mutex/Monitor currently owned by a thread: None

Heap address: 0x0000000780000000, size: 2048 MB, Compressed Oops mode: Zero based, Oop shift amount: 3
Narrow klass base: 0x0000000800000000, Narrow klass shift: 3
Compressed class space size: 1073741824 Address: 0x0000000800b05000

Heap:
 garbage-first heap   total 133120K, used 1840K [0x0000000780000000, 0x0000000800000000)
  region size 1024K, 2 young (2048K), 0 survivors (0K)
 Metaspace       used 627K, capacity 4928K, committed 5120K, reserved 1056768K
  class space    used 45K, capacity 428K, committed 512K, reserved 1048576K
Heap Regions: E=young(eden), S=young(survivor), O=old, HS=humongous(starts), HC=humongous(continues), CS=collection set, F=free, OA=open archive, CA=closed archive, TAMS=top-at-mark-start (previous, next)
|   0|0x0000000780000000, 0x0000000780000000, 0x0000000780100000|  0%| F|  |TAMS 0x0000000780000000, 0x0000000780000000| Untracked 
|   1|0x0000000780100000, 0x0000000780100000, 0x0000000780200000|  0%| F|  |TAMS 0x0000000780100000, 0x0000000780100000| Untracked 
|   2|0x0000000780200000, 0x0000000780200000, 0x0000000780300000|  0%| F|  |TAMS 0x0000000780200000, 0x0000000780200000| Untracked 
|   3|0x0000000780300000, 0x0000000780300000, 0x0000000780400000|  0%| F|  |TAMS 0x0000000780300000, 0x0000000780300000| Untracked 
|   4|0x0000000780400000, 0x0000000780400000, 0x0000000780500000|  0%| F|  |TAMS 0x0000000780400000, 0x0000000780400000| Untracked 
|   5|0x0000000780500000, 0x0000000780500000, 0x0000000780600000|  0%| F|  |TAMS 0x0000000780500000, 0x0000000780500000| Untracked 
|   6|0x0000000780600000, 0x0000000780600000, 0x0000000780700000|  0%| F|  |TAMS 0x0000000780600000, 0x0000000780600000| Untracked 
|   7|0x0000000780700000, 0x0000000780700000, 0x0000000780800000|  0%| F|  |TAMS 0x0000000780700000, 0x0000000780700000| Untracked 
|   8|0x0000000780800000, 0x0000000780800000, 0x0000000780900000|  0%| F|  |TAMS 0x0000000780800000, 0x0000000780800000| Untracked 
|   9|0x0000000780900000, 0x0000000780900000, 0x0000000780a00000|  0%| F|  |TAMS 0x0000000780900000, 0x0000000780900000| Untracked 
|  10|0x0000000780a00000, 0x0000000780a00000, 0x0000000780b00000|  0%| F|  |TAMS 0x0000000780a00000, 0x0000000780a00000| Untracked 
|  11|0x0000000780b00000, 0x0000000780b00000, 0x0000000780c00000|  0%| F|  |TAMS 0x0000000780b00000, 0x0000000780b00000| Untracked 
|  12|0x0000000780c00000, 0x0000000780c00000, 0x0000000780d00000|  0%| F|  |TAMS 0x0000000780c00000, 0x0000000780c00000| Untracked 
|  13|0x0000000780d00000, 0x0000000780d00000, 0x0000000780e00000|  0%| F|  |TAMS 0x0000000780d00000, 0x0000000780d00000| Untracked 
|  14|0x0000000780e00000, 0x0000000780e00000, 0x0000000780f00000|  0%| F|  |TAMS 0x0000000780e00000, 0x0000000780e00000| Untracked 
|  15|0x0000000780f00000, 0x0000000780f00000, 0x0000000781000000|  0%| F|  |TAMS 0x0000000780f00000, 0x0000000780f00000| Untracked 
|  16|0x0000000781000000, 0x0000000781000000, 0x0000000781100000|  0%| F|  |TAMS 0x0000000781000000, 0x0000000781000000| Untracked 
|  17|0x0000000781100000, 0x0000000781100000, 0x0000000781200000|  0%| F|  |TAMS 0x0000000781100000, 0x0000000781100000| Untracked 
|  18|0x0000000781200000, 0x0000000781200000, 0x0000000781300000|  0%| F|  |TAMS 0x0000000781200000, 0x0000000781200000| Untracked 
|  19|0x0000000781300000, 0x0000000781300000, 0x0000000781400000|  0%| F|  |TAMS 0x0000000781300000, 0x0000000781300000| Untracked 
|  20|0x0000000781400000, 0x0000000781400000, 0x0000000781500000|  0%| F|  |TAMS 0x0000000781400000, 0x0000000781400000| Untracked 
|  21|0x0000000781500000, 0x0000000781500000, 0x0000000781600000|  0%| F|  |TAMS 0x0000000781500000, 0x0000000781500000| Untracked 
|  22|0x0000000781600000, 0x0000000781600000, 0x0000000781700000|  0%| F|  |TAMS 0x0000000781600000, 0x0000000781600000| Untracked 
|  23|0x0000000781700000, 0x0000000781700000, 0x0000000781800000|  0%| F|  |TAMS 0x0000000781700000, 0x0000000781700000| Untracked 
|  24|0x0000000781800000, 0x0000000781800000, 0x0000000781900000|  0%| F|  |TAMS 0x0000000781800000, 0x0000000781800000| Untracked 
|  25|0x0000000781900000, 0x0000000781900000, 0x0000000781a00000|  0%| F|  |TAMS 0x0000000781900000, 0x0000000781900000| Untracked 
|  26|0x0000000781a00000, 0x0000000781a00000, 0x0000000781b00000|  0%| F|  |TAMS 0x0000000781a00000, 0x0000000781a00000| Untracked 
|  27|0x0000000781b00000, 0x0000000781b00000, 0x0000000781c00000|  0%| F|  |TAMS 0x0000000781b00000, 0x0000000781b00000| Untracked 
|  28|0x0000000781c00000, 0x0000000781c00000, 0x0000000781d00000|  0%| F|  |TAMS 0x0000000781c00000, 0x0000000781c00000| Untracked 
|  29|0x0000000781d00000, 0x0000000781d00000, 0x0000000781e00000|  0%| F|  |TAMS 0x0000000781d00000, 0x0000000781d00000| Untracked 
|  30|0x0000000781e00000, 0x0000000781e00000, 0x0000000781f00000|  0%| F|  |TAMS 0x0000000781e00000, 0x0000000781e00000| Untracked 
|  31|0x0000000781f00000, 0x0000000781f00000, 0x0000000782000000|  0%| F|  |TAMS 0x0000000781f00000, 0x0000000781f00000| Untracked 
|  32|0x0000000782000000, 0x0000000782000000, 0x0000000782100000|  0%| F|  |TAMS 0x0000000782000000, 0x0000000782000000| Untracked 
|  33|0x0000000782100000, 0x0000000782100000, 0x0000000782200000|  0%| F|  |TAMS 0x0000000782100000, 0x0000000782100000| Untracked 
|  34|0x0000000782200000, 0x0000000782200000, 0x0000000782300000|  0%| F|  |TAMS 0x0000000782200000, 0x0000000782200000| Untracked 
|  35|0x0000000782300000, 0x0000000782300000, 0x0000000782400000|  0%| F|  |TAMS 0x0000000782300000, 0x0000000782300000| Untracked 
|  36|0x0000000782400000, 0x0000000782400000, 0x0000000782500000|  0%| F|  |TAMS 0x0000000782400000, 0x0000000782400000| Untracked 
|  37|0x0000000782500000, 0x0000000782500000, 0x0000000782600000|  0%| F|  |TAMS 0x0000000782500000, 0x0000000782500000| Untracked 
|  38|0x0000000782600000, 0x0000000782600000, 0x0000000782700000|  0%| F|  |TAMS 0x0000000782600000, 0x0000000782600000| Untracked 
|  39|0x0000000782700000, 0x0000000782700000, 0x0000000782800000|  0%| F|  |TAMS 0x0000000782700000, 0x0000000782700000| Untracked 
|  40|0x0000000782800000, 0x0000000782800000, 0x0000000782900000|  0%| F|  |TAMS 0x0000000782800000, 0x0000000782800000| Untracked 
|  41|0x0000000782900000, 0x0000000782900000, 0x0000000782a00000|  0%| F|  |TAMS 0x0000000782900000, 0x0000000782900000| Untracked 
|  42|0x0000000782a00000, 0x0000000782a00000, 0x0000000782b00000|  0%| F|  |TAMS 0x0000000782a00000, 0x0000000782a00000| Untracked 
|  43|0x0000000782b00000, 0x0000000782b00000, 0x0000000782c00000|  0%| F|  |TAMS 0x0000000782b00000, 0x0000000782b00000| Untracked 
|  44|0x0000000782c00000, 0x0000000782c00000, 0x0000000782d00000|  0%| F|  |TAMS 0x0000000782c00000, 0x0000000782c00000| Untracked 
|  45|0x0000000782d00000, 0x0000000782d00000, 0x0000000782e00000|  0%| F|  |TAMS 0x0000000782d00000, 0x0000000782d00000| Untracked 
|  46|0x0000000782e00000, 0x0000000782e00000, 0x0000000782f00000|  0%| F|  |TAMS 0x0000000782e00000, 0x0000000782e00000| Untracked 
|  47|0x0000000782f00000, 0x0000000782f00000, 0x0000000783000000|  0%| F|  |TAMS 0x0000000782f00000, 0x0000000782f00000| Untracked 
|  48|0x0000000783000000, 0x0000000783000000, 0x0000000783100000|  0%| F|  |TAMS 0x0000000783000000, 0x0000000783000000| Untracked 
|  49|0x0000000783100000, 0x0000000783100000, 0x0000000783200000|  0%| F|  |TAMS 0x0000000783100000, 0x0000000783100000| Untracked 
|  50|0x0000000783200000, 0x0000000783200000, 0x0000000783300000|  0%| F|  |TAMS 0x0000000783200000, 0x0000000783200000| Untracked 
|  51|0x0000000783300000, 0x0000000783300000, 0x0000000783400000|  0%| F|  |TAMS 0x0000000783300000, 0x0000000783300000| Untracked 
|  52|0x0000000783400000, 0x0000000783400000, 0x0000000783500000|  0%| F|  |TAMS 0x0000000783400000, 0x0000000783400000| Untracked 
|  53|0x0000000783500000, 0x0000000783500000, 0x0000000783600000|  0%| F|  |TAMS 0x0000000783500000, 0x0000000783500000| Untracked 
|  54|0x0000000783600000, 0x0000000783600000, 0x0000000783700000|  0%| F|  |TAMS 0x0000000783600000, 0x0000000783600000| Untracked 
|  55|0x0000000783700000, 0x0000000783700000, 0x0000000783800000|  0%| F|  |TAMS 0x0000000783700000, 0x0000000783700000| Untracked 
|  56|0x0000000783800000, 0x0000000783800000, 0x0000000783900000|  0%| F|  |TAMS 0x0000000783800000, 0x0000000783800000| Untracked 
|  57|0x0000000783900000, 0x0000000783900000, 0x0000000783a00000|  0%| F|  |TAMS 0x0000000783900000, 0x0000000783900000| Untracked 
|  58|0x0000000783a00000, 0x0000000783a00000, 0x0000000783b00000|  0%| F|  |TAMS 0x0000000783a00000, 0x0000000783a00000| Untracked 
|  59|0x0000000783b00000, 0x0000000783b00000, 0x0000000783c00000|  0%| F|  |TAMS 0x0000000783b00000, 0x0000000783b00000| Untracked 
|  60|0x0000000783c00000, 0x0000000783c00000, 0x0000000783d00000|  0%| F|  |TAMS 0x0000000783c00000, 0x0000000783c00000| Untracked 
|  61|0x0000000783d00000, 0x0000000783d00000, 0x0000000783e00000|  0%| F|  |TAMS 0x0000000783d00000, 0x0000000783d00000| Untracked 
|  62|0x0000000783e00000, 0x0000000783e00000, 0x0000000783f00000|  0%| F|  |TAMS 0x0000000783e00000, 0x0000000783e00000| Untracked 
|  63|0x0000000783f00000, 0x0000000783f00000, 0x0000000784000000|  0%| F|  |TAMS 0x0000000783f00000, 0x0000000783f00000| Untracked 
|  64|0x0000000784000000, 0x0000000784000000, 0x0000000784100000|  0%| F|  |TAMS 0x0000000784000000, 0x0000000784000000| Untracked 
|  65|0x0000000784100000, 0x0000000784100000, 0x0000000784200000|  0%| F|  |TAMS 0x0000000784100000, 0x0000000784100000| Untracked 
|  66|0x0000000784200000, 0x0000000784200000, 0x0000000784300000|  0%| F|  |TAMS 0x0000000784200000, 0x0000000784200000| Untracked 
|  67|0x0000000784300000, 0x0000000784300000, 0x0000000784400000|  0%| F|  |TAMS 0x0000000784300000, 0x0000000784300000| Untracked 
|  68|0x0000000784400000, 0x0000000784400000, 0x0000000784500000|  0%| F|  |TAMS 0x0000000784400000, 0x0000000784400000| Untracked 
|  69|0x0000000784500000, 0x0000000784500000, 0x0000000784600000|  0%| F|  |TAMS 0x0000000784500000, 0x0000000784500000| Untracked 
|  70|0x0000000784600000, 0x0000000784600000, 0x0000000784700000|  0%| F|  |TAMS 0x0000000784600000, 0x0000000784600000| Untracked 
|  71|0x0000000784700000, 0x0000000784700000, 0x0000000784800000|  0%| F|  |TAMS 0x0000000784700000, 0x0000000784700000| Untracked 
|  72|0x0000000784800000, 0x0000000784800000, 0x0000000784900000|  0%| F|  |TAMS 0x0000000784800000, 0x0000000784800000| Untracked 
|  73|0x0000000784900000, 0x0000000784900000, 0x0000000784a00000|  0%| F|  |TAMS 0x0000000784900000, 0x0000000784900000| Untracked 
|  74|0x0000000784a00000, 0x0000000784a00000, 0x0000000784b00000|  0%| F|  |TAMS 0x0000000784a00000, 0x0000000784a00000| Untracked 
|  75|0x0000000784b00000, 0x0000000784b00000, 0x0000000784c00000|  0%| F|  |TAMS 0x0000000784b00000, 0x0000000784b00000| Untracked 
|  76|0x0000000784c00000, 0x0000000784c00000, 0x0000000784d00000|  0%| F|  |TAMS 0x0000000784c00000, 0x0000000784c00000| Untracked 
|  77|0x0000000784d00000, 0x0000000784d00000, 0x0000000784e00000|  0%| F|  |TAMS 0x0000000784d00000, 0x0000000784d00000| Untracked 
|  78|0x0000000784e00000, 0x0000000784e00000, 0x0000000784f00000|  0%| F|  |TAMS 0x0000000784e00000, 0x0000000784e00000| Untracked 
|  79|0x0000000784f00000, 0x0000000784f00000, 0x0000000785000000|  0%| F|  |TAMS 0x0000000784f00000, 0x0000000784f00000| Untracked 
|  80|0x0000000785000000, 0x0000000785000000, 0x0000000785100000|  0%| F|  |TAMS 0x0000000785000000, 0x0000000785000000| Untracked 
|  81|0x0000000785100000, 0x0000000785100000, 0x0000000785200000|  0%| F|  |TAMS 0x0000000785100000, 0x0000000785100000| Untracked 
|  82|0x0000000785200000, 0x0000000785200000, 0x0000000785300000|  0%| F|  |TAMS 0x0000000785200000, 0x0000000785200000| Untracked 
|  83|0x0000000785300000, 0x0000000785300000, 0x0000000785400000|  0%| F|  |TAMS 0x0000000785300000, 0x0000000785300000| Untracked 
|  84|0x0000000785400000, 0x0000000785400000, 0x0000000785500000|  0%| F|  |TAMS 0x0000000785400000, 0x0000000785400000| Untracked 
|  85|0x0000000785500000, 0x0000000785500000, 0x0000000785600000|  0%| F|  |TAMS 0x0000000785500000, 0x0000000785500000| Untracked 
|  86|0x0000000785600000, 0x0000000785600000, 0x0000000785700000|  0%| F|  |TAMS 0x0000000785600000, 0x0000000785600000| Untracked 
|  87|0x0000000785700000, 0x0000000785700000, 0x0000000785800000|  0%| F|  |TAMS 0x0000000785700000, 0x0000000785700000| Untracked 
|  88|0x0000000785800000, 0x0000000785800000, 0x0000000785900000|  0%| F|  |TAMS 0x0000000785800000, 0x0000000785800000| Untracked 
|  89|0x0000000785900000, 0x0000000785900000, 0x0000000785a00000|  0%| F|  |TAMS 0x0000000785900000, 0x0000000785900000| Untracked 
|  90|0x0000000785a00000, 0x0000000785a00000, 0x0000000785b00000|  0%| F|  |TAMS 0x0000000785a00000, 0x0000000785a00000| Untracked 
|  91|0x0000000785b00000, 0x0000000785b00000, 0x0000000785c00000|  0%| F|  |TAMS 0x0000000785b00000, 0x0000000785b00000| Untracked 
|  92|0x0000000785c00000, 0x0000000785c00000, 0x0000000785d00000|  0%| F|  |TAMS 0x0000000785c00000, 0x0000000785c00000| Untracked 
|  93|0x0000000785d00000, 0x0000000785d00000, 0x0000000785e00000|  0%| F|  |TAMS 0x0000000785d00000, 0x0000000785d00000| Untracked 
|  94|0x0000000785e00000, 0x0000000785e00000, 0x0000000785f00000|  0%| F|  |TAMS 0x0000000785e00000, 0x0000000785e00000| Untracked 
|  95|0x0000000785f00000, 0x0000000785f00000, 0x0000000786000000|  0%| F|  |TAMS 0x0000000785f00000, 0x0000000785f00000| Untracked 
|  96|0x0000000786000000, 0x0000000786000000, 0x0000000786100000|  0%| F|  |TAMS 0x0000000786000000, 0x0000000786000000| Untracked 
|  97|0x0000000786100000, 0x0000000786100000, 0x0000000786200000|  0%| F|  |TAMS 0x0000000786100000, 0x0000000786100000| Untracked 
|  98|0x0000000786200000, 0x0000000786200000, 0x0000000786300000|  0%| F|  |TAMS 0x0000000786200000, 0x0000000786200000| Untracked 
|  99|0x0000000786300000, 0x0000000786300000, 0x0000000786400000|  0%| F|  |TAMS 0x0000000786300000, 0x0000000786300000| Untracked 
| 100|0x0000000786400000, 0x0000000786400000, 0x0000000786500000|  0%| F|  |TAMS 0x0000000786400000, 0x0000000786400000| Untracked 
| 101|0x0000000786500000, 0x0000000786500000, 0x0000000786600000|  0%| F|  |TAMS 0x0000000786500000, 0x0000000786500000| Untracked 
| 102|0x0000000786600000, 0x0000000786600000, 0x0000000786700000|  0%| F|  |TAMS 0x0000000786600000, 0x0000000786600000| Untracked 
| 103|0x0000000786700000, 0x0000000786700000, 0x0000000786800000|  0%| F|  |TAMS 0x0000000786700000, 0x0000000786700000| Untracked 
| 104|0x0000000786800000, 0x0000000786800000, 0x0000000786900000|  0%| F|  |TAMS 0x0000000786800000, 0x0000000786800000| Untracked 
| 105|0x0000000786900000, 0x0000000786900000, 0x0000000786a00000|  0%| F|  |TAMS 0x0000000786900000, 0x0000000786900000| Untracked 
| 106|0x0000000786a00000, 0x0000000786a00000, 0x0000000786b00000|  0%| F|  |TAMS 0x0000000786a00000, 0x0000000786a00000| Untracked 
| 107|0x0000000786b00000, 0x0000000786b00000, 0x0000000786c00000|  0%| F|  |TAMS 0x0000000786b00000, 0x0000000786b00000| Untracked 
| 108|0x0000000786c00000, 0x0000000786c00000, 0x0000000786d00000|  0%| F|  |TAMS 0x0000000786c00000, 0x0000000786c00000| Untracked 
| 109|0x0000000786d00000, 0x0000000786d00000, 0x0000000786e00000|  0%| F|  |TAMS 0x0000000786d00000, 0x0000000786d00000| Untracked 
| 110|0x0000000786e00000, 0x0000000786e00000, 0x0000000786f00000|  0%| F|  |TAMS 0x0000000786e00000, 0x0000000786e00000| Untracked 
| 111|0x0000000786f00000, 0x0000000786f00000, 0x0000000787000000|  0%| F|  |TAMS 0x0000000786f00000, 0x0000000786f00000| Untracked 
| 112|0x0000000787000000, 0x0000000787000000, 0x0000000787100000|  0%| F|  |TAMS 0x0000000787000000, 0x0000000787000000| Untracked 
| 113|0x0000000787100000, 0x0000000787100000, 0x0000000787200000|  0%| F|  |TAMS 0x0000000787100000, 0x0000000787100000| Untracked 
| 114|0x0000000787200000, 0x0000000787200000, 0x0000000787300000|  0%| F|  |TAMS 0x0000000787200000, 0x0000000787200000| Untracked 
| 115|0x0000000787300000, 0x0000000787300000, 0x0000000787400000|  0%| F|  |TAMS 0x0000000787300000, 0x0000000787300000| Untracked 
| 116|0x0000000787400000, 0x0000000787400000, 0x0000000787500000|  0%| F|  |TAMS 0x0000000787400000, 0x0000000787400000| Untracked 
| 117|0x0000000787500000, 0x0000000787500000, 0x0000000787600000|  0%| F|  |TAMS 0x0000000787500000, 0x0000000787500000| Untracked 
| 118|0x0000000787600000, 0x0000000787600000, 0x0000000787700000|  0%| F|  |TAMS 0x0000000787600000, 0x0000000787600000| Untracked 
| 119|0x0000000787700000, 0x0000000787700000, 0x0000000787800000|  0%| F|  |TAMS 0x0000000787700000, 0x0000000787700000| Untracked 
| 120|0x0000000787800000, 0x0000000787800000, 0x0000000787900000|  0%| F|  |TAMS 0x0000000787800000, 0x0000000787800000| Untracked 
| 121|0x0000000787900000, 0x0000000787900000, 0x0000000787a00000|  0%| F|  |TAMS 0x0000000787900000, 0x0000000787900000| Untracked 
| 122|0x0000000787a00000, 0x0000000787a00000, 0x0000000787b00000|  0%| F|  |TAMS 0x0000000787a00000, 0x0000000787a00000| Untracked 
| 123|0x0000000787b00000, 0x0000000787b00000, 0x0000000787c00000|  0%| F|  |TAMS 0x0000000787b00000, 0x0000000787b00000| Untracked 
| 124|0x0000000787c00000, 0x0000000787c00000, 0x0000000787d00000|  0%| F|  |TAMS 0x0000000787c00000, 0x0000000787c00000| Untracked 
| 125|0x0000000787d00000, 0x0000000787d00000, 0x0000000787e00000|  0%| F|  |TAMS 0x0000000787d00000, 0x0000000787d00000| Untracked 
| 126|0x0000000787e00000, 0x0000000787f00000, 0x0000000787f00000|100%| E|  |TAMS 0x0000000787e00000, 0x0000000787e00000| Complete 
| 127|0x0000000787f00000, 0x0000000788000000, 0x0000000788000000|100%| E|CS|TAMS 0x0000000787f00000, 0x0000000787f00000| Complete 
|1022|0x00000007bfe00000, 0x00000007bfe51000, 0x00000007bff00000| 31%|OA|  |TAMS 0x00000007bfe00000, 0x00000007bfe00000| Untracked 
|1023|0x00000007bff00000, 0x00000007bff7b000, 0x00000007c0000000| 48%|CA|  |TAMS 0x00000007bff00000, 0x00000007bff00000| Untracked 

Card table byte_map: [0x0000000115127000,0x0000000115527000] _byte_map_base: 0x0000000111527000

Marking Bits (Prev, Next): (CMBitMap*) 0x00007fec68830218, (CMBitMap*) 0x00007fec68830258
 Prev Bits: [0x0000000125e5c000, 0x0000000127e5c000)
 Next Bits: [0x0000000127e5c000, 0x0000000129e5c000)

Polling page: 0x000000010943b000

Metaspace:

Usage:
  Non-class:      4.39 MB capacity,   582.16 KB ( 13%) used,     3.83 MB ( 87%) free+waste,   768 bytes ( <1%) overhead. 
      Class:    428.00 KB capacity,    45.82 KB ( 11%) used,   381.68 KB ( 89%) free+waste,   512 bytes ( <1%) overhead. 
       Both:      4.81 MB capacity,   627.98 KB ( 13%) used,     4.20 MB ( 87%) free+waste,     1.25 KB ( <1%) overhead. 

Virtual space:
  Non-class space:        8.00 MB reserved,       4.50 MB ( 56%) committed 
      Class space:        1.00 GB reserved,     512.00 KB ( <1%) committed 
             Both:        1.01 GB reserved,       5.00 MB ( <1%) committed 

Chunk freelists:
   Non-Class:  16.00 KB
       Class:  0 bytes
        Both:  16.00 KB

MaxMetaspaceSize: unlimited
CompressedClassSpaceSize: 1.00 GB

CodeHeap 'non-profiled nmethods': size=120032Kb used=31Kb max_used=31Kb free=120000Kb
 bounds [0x000000011e924000, 0x000000011eb94000, 0x0000000125e5c000]
CodeHeap 'profiled nmethods': size=120028Kb used=236Kb max_used=236Kb free=119791Kb
 bounds [0x00000001173ed000, 0x000000011765d000, 0x000000011e924000]
CodeHeap 'non-nmethods': size=5700Kb used=1059Kb max_used=1072Kb free=4640Kb
 bounds [0x0000000116e5c000, 0x00000001170cc000, 0x00000001173ed000]
 total_blobs=499 nmethods=153 adapters=198
 compilation: enabled
              stopped_count=0, restarted_count=0
 full_count=0

Compilation events (20 events):
Event: 0.172 Thread 0x00007fec69834800 nmethod 141 0x000000011741ec90 code [0x000000011741ee40, 0x000000011741f080]
Event: 0.172 Thread 0x00007fec69834800  140       3       java.util.ImmutableCollections$MapN::get (35 bytes)
Event: 0.173 Thread 0x00007fec69834800 nmethod 140 0x000000011741f190 code [0x000000011741f360, 0x000000011741f6f0]
Event: 0.174 Thread 0x00007fec69834800  142       3       java.util.zip.ZipFile$Source::getEntryPos (208 bytes)
Event: 0.174 Thread 0x00007fec69833000  143       4       java.util.zip.ZipFile$Source::getEntryNext (9 bytes)
Event: 0.175 Thread 0x00007fec69834800 nmethod 142 0x000000011741f890 code [0x000000011741fb00, 0x00000001174208e0]
Event: 0.175 Thread 0x00007fec69834800  144       3       java.util.concurrent.ConcurrentHashMap::get (162 bytes)
Event: 0.175 Thread 0x00007fec69833000 nmethod 143 0x000000011e92b310 code [0x000000011e92b4a0, 0x000000011e92b578]
Event: 0.176 Thread 0x00007fec69834800 nmethod 144 0x0000000117420f10 code [0x0000000117421160, 0x0000000117421ed0]
Event: 0.176 Thread 0x00007fec69834800  145       3       jdk.internal.ref.CleanerImpl::getCleanerImpl (13 bytes)
Event: 0.176 Thread 0x00007fec69834800 nmethod 145 0x0000000117422290 code [0x0000000117422440, 0x0000000117422700]
Event: 0.176 Thread 0x00007fec69834800  146       3       java.lang.CharacterData::of (120 bytes)
Event: 0.177 Thread 0x00007fec69834800 nmethod 146 0x0000000117422810 code [0x0000000117422a00, 0x0000000117423130]
Event: 0.177 Thread 0x00007fec69834800  147       1       java.util.jar.Attributes$Name::hashCode (5 bytes)
Event: 0.177 Thread 0x00007fec69834800 nmethod 147 0x000000011e92b610 code [0x000000011e92b7a0, 0x000000011e92b870]
Event: 0.178 Thread 0x00007fec69834800  148       3       jdk.internal.misc.Unsafe::putReferenceRelease (9 bytes)
Event: 0.178 Thread 0x00007fec69834800 nmethod 148 0x0000000117423310 code [0x00000001174234a0, 0x0000000117423610]
Event: 0.178 Thread 0x00007fec69834800  150       3       java.util.concurrent.ConcurrentHashMap::setTabAt (20 bytes)
Event: 0.178 Thread 0x00007fec69834800 nmethod 150 0x0000000117423690 code [0x0000000117423820, 0x0000000117423ad0]
Event: 0.179 Thread 0x00007fec69834800  151  s!   3       jdk.internal.loader.URLClassPath::getLoader (194 bytes)

GC Heap History (0 events):
No events

Deoptimization events (0 events):
No events

Classes unloaded (0 events):
No events

Classes redefined (0 events):
No events

Internal exceptions (0 events):
No events

Events (20 events):
Event: 0.139 loading class jdk/internal/module/ModulePatcher$PatchedModuleReader done
Event: 0.140 Loaded shared library /Library/Java/JavaVirtualMachines/jdk-14.0.1.jdk/Contents/Home/lib/libjimage.dylib
Event: 0.143 loading class sun/net/www/protocol/jrt/Handler
Event: 0.143 loading class sun/net/www/protocol/jrt/Handler done
Event: 0.145 loading class java/io/UnsupportedEncodingException
Event: 0.145 loading class java/io/IOException
Event: 0.145 loading class java/io/IOException done
Event: 0.145 loading class java/io/UnsupportedEncodingException done
Event: 0.146 loading class java/lang/IllegalStateException
Event: 0.146 loading class java/lang/IllegalStateException done
Event: 0.147 loading class java/beans/PropertyChangeListener
Event: 0.147 loading class java/util/EventListener
Event: 0.147 loading class java/util/EventListener done
Event: 0.147 loading class java/beans/PropertyChangeListener done
Event: 0.148 loading class java/security/cert/X509Certificate
Event: 0.148 loading class java/security/cert/X509Extension
Event: 0.148 loading class java/security/cert/X509Extension done
Event: 0.148 loading class java/security/cert/X509Certificate done
Event: 0.181 loading class java/lang/Class$EnclosingMethodInfo
Event: 0.181 loading class java/lang/Class$EnclosingMethodInfo done


Dynamic libraries:
0x00007fff2a43b000 	/usr/lib/libz.1.dylib
0x000000010943d000 	/Library/Java/JavaVirtualMachines/jdk-14.0.1.jdk/Contents/Home/lib/libjli.dylib
0x00007fff34f13000 	/System/Library/Frameworks/Cocoa.framework/Versions/A/Cocoa
0x00007fff221ce000 	/System/Library/Frameworks/Security.framework/Versions/A/Security
0x00007fff33162000 	/System/Library/Frameworks/ApplicationServices.framework/Versions/A/ApplicationServices
0x00007fff2a503000 	/usr/lib/libSystem.B.dylib
0x00007fff2a4fd000 	/usr/lib/system/libcache.dylib
0x00007fff2a4b9000 	/usr/lib/system/libcommonCrypto.dylib
0x00007fff2a4e3000 	/usr/lib/system/libcompiler_rt.dylib
0x00007fff2a4d8000 	/usr/lib/system/libcopyfile.dylib
0x00007fff200aa000 	/usr/lib/system/libcorecrypto.dylib
0x00007fff20173000 	/usr/lib/system/libdispatch.dylib
0x00007fff20327000 	/usr/lib/system/libdyld.dylib
0x00007fff2a4f4000 	/usr/lib/system/libkeymgr.dylib
0x00007fff2d92e000 	/usr/lib/system/liblaunch.dylib
0x00007fff2a497000 	/usr/lib/system/libmacho.dylib
0x00007fff29cb2000 	/usr/lib/system/libquarantine.dylib
0x00007fff2a4f1000 	/usr/lib/system/libremovefile.dylib
0x00007fff24b5b000 	/usr/lib/system/libsystem_asl.dylib
0x00007fff2005a000 	/usr/lib/system/libsystem_blocks.dylib
0x00007fff201f4000 	/usr/lib/system/libsystem_c.dylib
0x00007fff2a4eb000 	/usr/lib/system/libsystem_collections.dylib
0x00007fff28fa7000 	/usr/lib/system/libsystem_configuration.dylib
0x00007fff28298000 	/usr/lib/system/libsystem_containermanager.dylib
0x00007fff2a233000 	/usr/lib/system/libsystem_coreservices.dylib
0x00007fff22780000 	/usr/lib/system/libsystem_darwin.dylib
0x00007fff2a4f5000 	/usr/lib/system/libsystem_dnssd.dylib
0x00007fff201f1000 	/usr/lib/system/libsystem_featureflags.dylib
0x00007fff2036c000 	/usr/lib/system/libsystem_info.dylib
0x00007fff2a44e000 	/usr/lib/system/libsystem_m.dylib
0x00007fff20146000 	/usr/lib/system/libsystem_malloc.dylib
0x00007fff24aef000 	/usr/lib/system/libsystem_networkextension.dylib
0x00007fff22b9a000 	/usr/lib/system/libsystem_notify.dylib
0x00007fff2fdcc000 	/usr/lib/system/libsystem_product_info_filter.dylib
0x00007fff28fab000 	/usr/lib/system/libsystem_sandbox.dylib
0x00007fff2a4ee000 	/usr/lib/system/libsystem_secinit.dylib
0x00007fff202ec000 	/usr/lib/system/libsystem_kernel.dylib
0x00007fff20362000 	/usr/lib/system/libsystem_platform.dylib
0x00007fff2031b000 	/usr/lib/system/libsystem_pthread.dylib
0x00007fff26251000 	/usr/lib/system/libsystem_symptoms.dylib
0x00007fff20092000 	/usr/lib/system/libsystem_trace.dylib
0x00007fff2a4c5000 	/usr/lib/system/libunwind.dylib
0x00007fff2005c000 	/usr/lib/system/libxpc.dylib
0x00007fff202d3000 	/usr/lib/libc++abi.dylib
0x00007fff201b8000 	/usr/lib/libobjc.A.dylib
0x00007fff2a4d0000 	/usr/lib/liboah.dylib
0x00007fff2027d000 	/usr/lib/libc++.1.dylib
0x00007fff20398000 	/System/Library/Frameworks/CoreFoundation.framework/Versions/A/CoreFoundation
0x00007fff21142000 	/System/Library/Frameworks/Foundation.framework/Versions/C/Foundation
0x00007fff22bf2000 	/System/Library/Frameworks/AppKit.framework/Versions/C/AppKit
0x00007fff25a7b000 	/System/Library/Frameworks/CoreData.framework/Versions/A/CoreData
0x00007fff2394f000 	/System/Library/PrivateFrameworks/UIFoundation.framework/Versions/A/UIFoundation
0x00007fff2fb45000 	/System/Library/PrivateFrameworks/RemoteViewServices.framework/Versions/A/RemoteViewServices
0x00007fff28967000 	/System/Library/PrivateFrameworks/XCTTargetBootstrap.framework/Versions/A/XCTTargetBootstrap
0x00007fff2b642000 	/usr/lib/libspindump.dylib
0x00007fff23ba3000 	/System/Library/Frameworks/UniformTypeIdentifiers.framework/Versions/A/UniformTypeIdentifiers
0x00007fff27139000 	/usr/lib/libapp_launch_measurement.dylib
0x00007fff2713c000 	/System/Library/PrivateFrameworks/CoreAutoLayout.framework/Versions/A/CoreAutoLayout
0x00007fff282c8000 	/System/Library/Frameworks/Metal.framework/Versions/A/Metal
0x00007fff28fb6000 	/usr/lib/liblangid.dylib
0x00007fff2896b000 	/System/Library/PrivateFrameworks/CoreSVG.framework/Versions/A/CoreSVG
0x00007fff24b8a000 	/System/Library/PrivateFrameworks/SkyLight.framework/Versions/A/SkyLight
0x00007fff24ee9000 	/System/Library/Frameworks/CoreGraphics.framework/Versions/A/CoreGraphics
0x00007fff3019c000 	/System/Library/Frameworks/Accelerate.framework/Versions/A/Accelerate
0x00007fff2b07d000 	/System/Library/PrivateFrameworks/IconServices.framework/Versions/A/IconServices
0x00007fff282a9000 	/System/Library/Frameworks/IOSurface.framework/Versions/A/IOSurface
0x00007fff26403000 	/usr/lib/libDiagnosticMessagesClient.dylib
0x00007fff28953000 	/System/Library/PrivateFrameworks/DFRFoundation.framework/Versions/A/DFRFoundation
0x00007fff2251e000 	/usr/lib/libicucore.A.dylib
0x00007fff2cb7f000 	/System/Library/Frameworks/AudioToolbox.framework/Versions/A/AudioToolbox
0x00007fff2be2a000 	/System/Library/PrivateFrameworks/DataDetectorsCore.framework/Versions/A/DataDetectorsCore
0x00007fff28653000 	/System/Library/Frameworks/Carbon.framework/Versions/A/Frameworks/HIToolbox.framework/Versions/A/HIToolbox
0x00007fff26b9c000 	/System/Library/Frameworks/QuartzCore.framework/Versions/A/QuartzCore
0x00007fff2fb81000 	/System/Library/Frameworks/Carbon.framework/Versions/A/Frameworks/SpeechRecognition.framework/Versions/A/SpeechRecognition
0x00007fff26ea1000 	/System/Library/PrivateFrameworks/CoreUI.framework/Versions/A/CoreUI
0x00007fff21b2a000 	/System/Library/Frameworks/CoreAudio.framework/Versions/A/CoreAudio
0x00007fff264ee000 	/System/Library/Frameworks/DiskArbitration.framework/Versions/A/DiskArbitration
0x00007fff2ba3b000 	/System/Library/PrivateFrameworks/MultitouchSupport.framework/Versions/A/MultitouchSupport
0x00007fff2be21000 	/System/Library/PrivateFrameworks/InternationalSupport.framework/Versions/A/InternationalSupport
0x00007fff24afe000 	/usr/lib/libenergytrace.dylib
0x00007fff22aec000 	/System/Library/Frameworks/IOKit.framework/Versions/A/IOKit
0x00007fff2fece000 	/System/Library/Frameworks/CoreServices.framework/Versions/A/CoreServices
0x00007fff270cf000 	/System/Library/PrivateFrameworks/PerformanceAnalysis.framework/Versions/A/PerformanceAnalysis
0x00007fff6b3b6000 	/System/Library/Frameworks/OpenGL.framework/Versions/A/OpenGL
0x00007fff2bea6000 	/System/Library/PrivateFrameworks/UserActivity.framework/Versions/A/UserActivity
0x00007fff2557d000 	/System/Library/Frameworks/ColorSync.framework/Versions/A/ColorSync
0x00007fff28bcf000 	/System/Library/Frameworks/CoreImage.framework/Versions/A/CoreImage
0x00007fff21940000 	/System/Library/Frameworks/CoreText.framework/Versions/A/CoreText
0x00007fff28995000 	/System/Library/Frameworks/ImageIO.framework/Versions/A/ImageIO
0x00007fff2a509000 	/System/Library/PrivateFrameworks/SoftLinking.framework/Versions/A/SoftLinking
0x00007fff27185000 	/usr/lib/libxml2.2.dylib
0x00007fff2a77b000 	/usr/lib/libcompression.dylib
0x00007fff24aff000 	/usr/lib/libMobileGestalt.dylib
0x00007fff2bd54000 	/System/Library/PrivateFrameworks/TextureIO.framework/Versions/A/TextureIO
0x00007fff2ada1000 	/usr/lib/libate.dylib
0x00007fff2ab86000 	/usr/lib/liblzma.5.dylib
0x00007fff20e58000 	/System/Library/Frameworks/SystemConfiguration.framework/Versions/A/SystemConfiguration
0x00007fff2a505000 	/usr/lib/libfakelink.dylib
0x00007fff24651000 	/System/Library/Frameworks/CFNetwork.framework/Versions/A/CFNetwork
0x00007fff2a645000 	/usr/lib/libarchive.2.dylib
0x00007fff20ed5000 	/usr/lib/libCRFSuite.dylib
0x00007fff29cd9000 	/usr/lib/libbsm.0.dylib
0x00007fff2400d000 	/usr/lib/libnetwork.dylib
0x00007fff2a50a000 	/usr/lib/libpcap.A.dylib
0x00007fff2624a000 	/usr/lib/libdns_services.dylib
0x00007fff2ab9f000 	/usr/lib/libcoretls_cfhelpers.dylib
0x00007fff2a749000 	/usr/lib/libapple_nghttp2.dylib
0x00007fff2a49d000 	/usr/lib/system/libkxld.dylib
0x00007fff25eb0000 	/usr/lib/libsqlite3.dylib
0x00007fff2a215000 	/System/Library/PrivateFrameworks/AppleFSCompression.framework/Versions/A/AppleFSCompression
0x00007fff29cc1000 	/usr/lib/libcoretls.dylib
0x00007fff2a776000 	/usr/lib/libpam.2.dylib
0x00007fff2ac9c000 	/usr/lib/libxar.1.dylib
0x00007fff28fb2000 	/System/Library/PrivateFrameworks/AppleSystemInfo.framework/Versions/A/AppleSystemInfo
0x00007fff29904000 	/System/Library/PrivateFrameworks/IOMobileFramebuffer.framework/Versions/A/IOMobileFramebuffer
0x00007fff2a225000 	/usr/lib/libbz2.1.0.dylib
0x00007fff2a542000 	/usr/lib/libiconv.2.dylib
0x00007fff2a496000 	/usr/lib/libcharset.1.dylib
0x00007fff2710b000 	/System/Library/Frameworks/CoreServices.framework/Versions/A/Frameworks/FSEvents.framework/Versions/A/FSEvents
0x00007fff2278a000 	/System/Library/Frameworks/CoreServices.framework/Versions/A/Frameworks/CarbonCore.framework/Versions/A/CarbonCore
0x00007fff26453000 	/System/Library/Frameworks/CoreServices.framework/Versions/A/Frameworks/Metadata.framework/Versions/A/Metadata
0x00007fff2a238000 	/System/Library/Frameworks/CoreServices.framework/Versions/A/Frameworks/OSServices.framework/Versions/A/OSServices
0x00007fff2a6b7000 	/System/Library/Frameworks/CoreServices.framework/Versions/A/Frameworks/SearchKit.framework/Versions/A/SearchKit
0x00007fff261d4000 	/System/Library/Frameworks/CoreServices.framework/Versions/A/Frameworks/AE.framework/Versions/A/AE
0x00007fff20834000 	/System/Library/Frameworks/CoreServices.framework/Versions/A/Frameworks/LaunchServices.framework/Versions/A/LaunchServices
0x00007fff2ab37000 	/System/Library/Frameworks/CoreServices.framework/Versions/A/Frameworks/DictionaryServices.framework/Versions/A/DictionaryServices
0x00007fff27114000 	/System/Library/Frameworks/CoreServices.framework/Versions/A/Frameworks/SharedFileList.framework/Versions/A/SharedFileList
0x00007fff29cb5000 	/usr/lib/libCheckFix.dylib
0x00007fff24b72000 	/System/Library/PrivateFrameworks/TCC.framework/Versions/A/TCC
0x00007fff28fb8000 	/System/Library/PrivateFrameworks/CoreNLP.framework/Versions/A/CoreNLP
0x00007fff26406000 	/System/Library/PrivateFrameworks/MetadataUtilities.framework/Versions/A/MetadataUtilities
0x00007fff20f0b000 	/usr/lib/libmecabra.dylib
0x00007fff29fc8000 	/System/Library/Frameworks/MLCompute.framework/Versions/A/MLCompute
0x00007fff29cea000 	/usr/lib/libmecab.dylib
0x00007fff29d34000 	/usr/lib/libgermantok.dylib
0x00007fff2a71f000 	/usr/lib/libThaiTokenizer.dylib
0x00007fff2acd7000 	/usr/lib/libChineseTokenizer.dylib
0x00007fff2a774000 	/System/Library/Frameworks/MetalPerformanceShaders.framework/Versions/A/MetalPerformanceShaders
0x00007fff264f5000 	/System/Library/Frameworks/Accelerate.framework/Versions/A/Frameworks/vImage.framework/Versions/A/vImage
0x00007fff2fea7000 	/System/Library/Frameworks/Accelerate.framework/Versions/A/Frameworks/vecLib.framework/Versions/A/vecLib
0x00007fff2ace2000 	/System/Library/Frameworks/Accelerate.framework/Versions/A/Frameworks/vecLib.framework/Versions/A/libvMisc.dylib
0x00007fff2971d000 	/System/Library/Frameworks/Accelerate.framework/Versions/A/Frameworks/vecLib.framework/Versions/A/libvDSP.dylib
0x00007fff20b37000 	/System/Library/Frameworks/Accelerate.framework/Versions/A/Frameworks/vecLib.framework/Versions/A/libBLAS.dylib
0x00007fff2a79a000 	/System/Library/Frameworks/Accelerate.framework/Versions/A/Frameworks/vecLib.framework/Versions/A/libLAPACK.dylib
0x00007fff29d3a000 	/System/Library/Frameworks/Accelerate.framework/Versions/A/Frameworks/vecLib.framework/Versions/A/libLinearAlgebra.dylib
0x00007fff2a761000 	/System/Library/Frameworks/Accelerate.framework/Versions/A/Frameworks/vecLib.framework/Versions/A/libSparseBLAS.dylib
0x00007fff2a794000 	/System/Library/Frameworks/Accelerate.framework/Versions/A/Frameworks/vecLib.framework/Versions/A/libQuadrature.dylib
0x00007fff29060000 	/System/Library/Frameworks/Accelerate.framework/Versions/A/Frameworks/vecLib.framework/Versions/A/libBNNS.dylib
0x00007fff20de9000 	/System/Library/Frameworks/Accelerate.framework/Versions/A/Frameworks/vecLib.framework/Versions/A/libSparse.dylib
0x00007fff28f4b000 	/System/Library/Frameworks/MetalPerformanceShaders.framework/Versions/A/Frameworks/MPSCore.framework/Versions/A/MPSCore
0x00007fff2a184000 	/System/Library/Frameworks/MetalPerformanceShaders.framework/Versions/A/Frameworks/MPSImage.framework/Versions/A/MPSImage
0x00007fff29d50000 	/System/Library/Frameworks/MetalPerformanceShaders.framework/Versions/A/Frameworks/MPSNeuralNetwork.framework/Versions/A/MPSNeuralNetwork
0x00007fff2a10f000 	/System/Library/Frameworks/MetalPerformanceShaders.framework/Versions/A/Frameworks/MPSMatrix.framework/Versions/A/MPSMatrix
0x00007fff29f78000 	/System/Library/Frameworks/MetalPerformanceShaders.framework/Versions/A/Frameworks/MPSRayIntersector.framework/Versions/A/MPSRayIntersector
0x00007fff2a146000 	/System/Library/Frameworks/MetalPerformanceShaders.framework/Versions/A/Frameworks/MPSNDArray.framework/Versions/A/MPSNDArray
0x00007fff20a63000 	/System/Library/PrivateFrameworks/MetalTools.framework/Versions/A/MetalTools
0x00007fff28fb0000 	/System/Library/PrivateFrameworks/AggregateDictionary.framework/Versions/A/AggregateDictionary
0x00007fff263de000 	/System/Library/PrivateFrameworks/CoreAnalytics.framework/Versions/A/CoreAnalytics
0x00007fff2a721000 	/System/Library/PrivateFrameworks/AppleSauce.framework/Versions/A/AppleSauce
0x00007fff282bb000 	/System/Library/PrivateFrameworks/IOAccelerator.framework/Versions/A/IOAccelerator
0x00007fff6b3aa000 	/System/Library/Frameworks/OpenGL.framework/Versions/A/Libraries/libCoreFSCache.dylib
0x00007fff214a6000 	/System/Library/PrivateFrameworks/LanguageModeling.framework/Versions/A/LanguageModeling
0x00007fff298f1000 	/System/Library/PrivateFrameworks/CoreEmoji.framework/Versions/A/CoreEmoji
0x00007fff29059000 	/System/Library/PrivateFrameworks/LinguisticData.framework/Versions/A/LinguisticData
0x00007fff20d9b000 	/System/Library/PrivateFrameworks/Lexicon.framework/Versions/A/Lexicon
0x00007fff2a633000 	/usr/lib/libcmph.dylib
0x00007fff270eb000 	/System/Library/Frameworks/OpenDirectory.framework/Versions/A/Frameworks/CFOpenDirectory.framework/Versions/A/CFOpenDirectory
0x00007fff270db000 	/System/Library/Frameworks/OpenDirectory.framework/Versions/A/OpenDirectory
0x00007fff2aba1000 	/System/Library/PrivateFrameworks/APFS.framework/Versions/A/APFS
0x00007fff29c16000 	/System/Library/Frameworks/SecurityFoundation.framework/Versions/A/SecurityFoundation
0x00007fff2acaa000 	/usr/lib/libutil.dylib
0x00007fff22ab1000 	/System/Library/PrivateFrameworks/CoreServicesStore.framework/Versions/A/CoreServicesStore
0x00007fff29cad000 	/System/Library/Frameworks/ServiceManagement.framework/Versions/A/ServiceManagement
0x00007fff2acae000 	/usr/lib/libxslt.1.dylib
0x00007fff29ca3000 	/System/Library/PrivateFrameworks/BackgroundTaskManagement.framework/Versions/A/BackgroundTaskManagement
0x00007fff2bc9e000 	/System/Library/Frameworks/ImageIO.framework/Versions/A/Resources/libRadiance.dylib
0x00007fff2bca8000 	/System/Library/Frameworks/ImageIO.framework/Versions/A/Resources/libJPEG.dylib
0x00007fff2bbf5000 	/System/Library/Frameworks/ImageIO.framework/Versions/A/Resources/libPng.dylib
0x00007fff2bc1c000 	/System/Library/Frameworks/ImageIO.framework/Versions/A/Resources/libTIFF.dylib
0x00007fff2bcfd000 	/System/Library/Frameworks/ImageIO.framework/Versions/A/Resources/libGIF.dylib
0x00007fff2b958000 	/System/Library/Frameworks/ImageIO.framework/Versions/A/Resources/libJP2.dylib
0x00007fff2b044000 	/usr/lib/libexpat.1.dylib
0x00007fff2b90e000 	/System/Library/PrivateFrameworks/AppleJPEG.framework/Versions/A/AppleJPEG
0x00007fff284f6000 	/System/Library/PrivateFrameworks/FontServices.framework/libFontParser.dylib
0x00007fff26188000 	/System/Library/PrivateFrameworks/RunningBoardServices.framework/Versions/A/RunningBoardServices
0x00007fff2ba37000 	/System/Library/PrivateFrameworks/WatchdogClient.framework/Versions/A/WatchdogClient
0x00007fff21593000 	/System/Library/Frameworks/CoreDisplay.framework/Versions/A/CoreDisplay
0x00007fff2840b000 	/System/Library/Frameworks/CoreMedia.framework/Versions/A/CoreMedia
0x00007fff27268000 	/System/Library/Frameworks/CoreVideo.framework/Versions/A/CoreVideo
0x00007fff2ba6f000 	/System/Library/Frameworks/VideoToolbox.framework/Versions/A/VideoToolbox
0x00007fff26106000 	/System/Library/PrivateFrameworks/BaseBoard.framework/Versions/A/BaseBoard
0x00007fff2b189000 	/System/Library/PrivateFrameworks/PersistentConnection.framework/Versions/A/PersistentConnection
0x00007fff25e99000 	/System/Library/PrivateFrameworks/ProtocolBuffer.framework/Versions/A/ProtocolBuffer
0x00007fff260ed000 	/System/Library/PrivateFrameworks/CommonUtilities.framework/Versions/A/CommonUtilities
0x00007fff2b8a3000 	/System/Library/PrivateFrameworks/Bom.framework/Versions/A/Bom
0x00007fff2bc97000 	/System/Library/PrivateFrameworks/GPUWrangler.framework/Versions/A/GPUWrangler
0x00007fff2bc7a000 	/System/Library/PrivateFrameworks/IOPresentment.framework/Versions/A/IOPresentment
0x00007fff2bca2000 	/System/Library/PrivateFrameworks/DSExternalDisplay.framework/Versions/A/DSExternalDisplay
0x00007fff2bd02000 	/System/Library/PrivateFrameworks/CMCaptureCore.framework/Versions/A/CMCaptureCore
0x00007fff2b629000 	/System/Library/PrivateFrameworks/AppServerSupport.framework/Versions/A/AppServerSupport
0x00007fff2d6cf000 	/System/Library/PrivateFrameworks/perfdata.framework/Versions/A/perfdata
0x00007fff29c05000 	/System/Library/PrivateFrameworks/AssertionServices.framework/Versions/A/AssertionServices
0x00007fff216ca000 	/System/Library/PrivateFrameworks/AudioToolboxCore.framework/Versions/A/AudioToolboxCore
0x00007fff283ee000 	/System/Library/PrivateFrameworks/caulk.framework/Versions/A/caulk
0x00007fff3c969000 	/System/Library/PrivateFrameworks/SystemPolicy.framework/Versions/A/SystemPolicy
0x00007fff2ae3a000 	/usr/lib/libIOReport.dylib
0x00007fff2cef1000 	/usr/lib/libSMC.dylib
0x00007fff2bbc2000 	/usr/lib/libAudioToolboxUtility.dylib
0x00007fff3d2ce000 	/usr/lib/libmis.dylib
0x00007fff6b406000 	/System/Library/Frameworks/OpenGL.framework/Versions/A/Libraries/libGLU.dylib
0x00007fff6b3c9000 	/System/Library/Frameworks/OpenGL.framework/Versions/A/Libraries/libGFXShared.dylib
0x00007fff6b5d8000 	/System/Library/Frameworks/OpenGL.framework/Versions/A/Libraries/libGL.dylib
0x00007fff6b3d2000 	/System/Library/Frameworks/OpenGL.framework/Versions/A/Libraries/libGLImage.dylib
0x00007fff6b3c6000 	/System/Library/Frameworks/OpenGL.framework/Versions/A/Libraries/libCVMSPluginSupport.dylib
0x00007fff6b3b1000 	/System/Library/Frameworks/OpenGL.framework/Versions/A/Libraries/libCoreVMClient.dylib
0x00007fff6ca19000 	/System/Library/Frameworks/OpenCL.framework/Versions/A/OpenCL
0x00007fff2b1b3000 	/System/Library/PrivateFrameworks/GraphVisualizer.framework/Versions/A/GraphVisualizer
0x00007fff2b1c2000 	/System/Library/PrivateFrameworks/FaceCore.framework/Versions/A/FaceCore
0x00007fff2b5de000 	/System/Library/PrivateFrameworks/OTSVG.framework/Versions/A/OTSVG
0x00007fff26e5f000 	/System/Library/Frameworks/ApplicationServices.framework/Versions/A/Frameworks/ATS.framework/Versions/A/Resources/libFontRegistry.dylib
0x00007fff2b630000 	/System/Library/PrivateFrameworks/FontServices.framework/libhvf.dylib
0x00007fff2aff0000 	/System/Library/PrivateFrameworks/AppleVA.framework/Versions/A/AppleVA
0x00007fff2cd3a000 	/System/Library/Frameworks/ApplicationServices.framework/Versions/A/Frameworks/ATS.framework/Versions/A/ATS
0x00007fff2d04c000 	/System/Library/Frameworks/ApplicationServices.framework/Versions/A/Frameworks/ColorSyncLegacy.framework/Versions/A/ColorSyncLegacy
0x00007fff25674000 	/System/Library/Frameworks/ApplicationServices.framework/Versions/A/Frameworks/HIServices.framework/Versions/A/HIServices
0x00007fff2d031000 	/System/Library/Frameworks/ApplicationServices.framework/Versions/A/Frameworks/LangAnalysis.framework/Versions/A/LangAnalysis
0x00007fff2bd0c000 	/System/Library/Frameworks/ApplicationServices.framework/Versions/A/Frameworks/PrintCore.framework/Versions/A/PrintCore
0x00007fff2d054000 	/System/Library/Frameworks/ApplicationServices.framework/Versions/A/Frameworks/QD.framework/Versions/A/QD
0x00007fff2cd2a000 	/System/Library/Frameworks/ApplicationServices.framework/Versions/A/Frameworks/SpeechSynthesis.framework/Versions/A/SpeechSynthesis
0x00007fff2bccd000 	/System/Library/Frameworks/ApplicationServices.framework/Versions/A/Frameworks/ATSUI.framework/Versions/A/ATSUI
0x00007fff2cfd1000 	/usr/lib/libcups.2.dylib
0x00007fff2d041000 	/System/Library/PrivateFrameworks/NetAuth.framework/Versions/A/NetAuth
0x00007fff2d6eb000 	/System/Library/Frameworks/Kerberos.framework/Versions/A/Kerberos
0x00007fff2d6fb000 	/System/Library/Frameworks/GSS.framework/Versions/A/GSS
0x00007fff2cda6000 	/usr/lib/libresolv.9.dylib
0x00007fff2b645000 	/System/Library/PrivateFrameworks/Heimdal.framework/Versions/A/Heimdal
0x00007fff33462000 	/System/Library/Frameworks/Kerberos.framework/Versions/A/Libraries/libHeimdalProxy.dylib
0x00007fff26259000 	/System/Library/Frameworks/Network.framework/Versions/A/Network
0x00007fff2b05e000 	/usr/lib/libheimdal-asn1.dylib
0x00007fff2d74b000 	/System/Library/PrivateFrameworks/CommonAuth.framework/Versions/A/CommonAuth
0x00007fff272b5000 	/System/Library/PrivateFrameworks/login.framework/Versions/A/Frameworks/loginsupport.framework/Versions/A/loginsupport
0x00007fff2ccaf000 	/System/Library/PrivateFrameworks/AudioSession.framework/Versions/A/AudioSession
0x00007fff2cd17000 	/usr/lib/libAudioStatistics.dylib
0x00007fff2b0eb000 	/System/Library/PrivateFrameworks/MediaExperience.framework/Versions/A/MediaExperience
0x00007fff2cb4d000 	/System/Library/PrivateFrameworks/AudioSession.framework/libSessionUtility.dylib
0x00007fff2d6dc000 	/usr/lib/libperfcheck.dylib
0x00007fff2d060000 	/System/Library/PrivateFrameworks/AudioResourceArbitration.framework/Versions/A/AudioResourceArbitration
0x00007fff2b068000 	/System/Library/PrivateFrameworks/IconFoundation.framework/Versions/A/IconFoundation
0x00007fff2fb71000 	/System/Library/PrivateFrameworks/SpeechRecognitionCore.framework/Versions/A/SpeechRecognitionCore
0x000000010b800000 	/Library/Java/JavaVirtualMachines/jdk-14.0.1.jdk/Contents/Home/lib/server/libjvm.dylib
0x0000000109462000 	/Library/Java/JavaVirtualMachines/jdk-14.0.1.jdk/Contents/Home/lib/libjimage.dylib
0x00000001094b5000 	/Library/Java/JavaVirtualMachines/jdk-14.0.1.jdk/Contents/Home/lib/libjava.dylib
0x00000001094dd000 	/Library/Java/JavaVirtualMachines/jdk-14.0.1.jdk/Contents/Home/lib/libzip.dylib
0x0000000109721000 	/Library/Java/JavaVirtualMachines/jdk-14.0.1.jdk/Contents/Home/lib/libnio.dylib
0x0000000109734000 	/Library/Java/JavaVirtualMachines/jdk-14.0.1.jdk/Contents/Home/lib/libnet.dylib


VM Arguments:
jvm_args: -Dfile.encoding=UTF-8 
java_command: org.apache.catalina.startup.Tomcat$1
java_class_path (initial): /Users/bijay/eclipse-workspace/jocker-mvc/target/classes:/Users/bijay/Downloads/apache-tomcat-8.5.53/lib/tomcat-i18n-ko.jar:/Users/bijay/Downloads/apache-tomcat-8.5.53/lib/el-api.jar:/Users/bijay/Downloads/apache-tomcat-8.5.53/lib/tomcat-i18n-es.jar:/Users/bijay/Downloads/apache-tomcat-8.5.53/lib/tomcat-websocket.jar:/Users/bijay/Downloads/apache-tomcat-8.5.53/lib/jasper.jar:/Users/bijay/Downloads/apache-tomcat-8.5.53/lib/jasper-el.jar:/Users/bijay/Downloads/apache-tomcat-8.5.53/lib/tomcat-util.jar:/Users/bijay/Downloads/apache-tomcat-8.5.53/lib/tomcat-i18n-de.jar:/Users/bijay/Downloads/apache-tomcat-8.5.53/lib/catalina-storeconfig.jar:/Users/bijay/Downloads/apache-tomcat-8.5.53/lib/jsp-api.jar:/Users/bijay/Downloads/apache-tomcat-8.5.53/lib/catalina-tribes.jar:/Users/bijay/Downloads/apache-tomcat-8.5.53/lib/catalina.jar:/Users/bijay/Downloads/apache-tomcat-8.5.53/lib/tomcat-jni.jar:/Users/bijay/Downloads/apache-tomcat-8.5.53/lib/websocket-api.jar:/Users/bijay/Downloads/apache-tomcat-8.5.53/lib/tomcat-coyote.jar:/Users/bijay/Downloads/apache-tomcat-8.5.53/lib/catalina-ha.jar:/Users/bijay/Downloads/apache-tomcat-8.5.53/lib/tomcat-api.jar:/Users/bijay/Downloads/apache-tomcat-8.5.53/lib/annotations-api.jar:/Users/bijay/Downloads/apache-tomcat-8.5.53/lib/jaspic-api.jar:/Users/bijay/Downloads/apache-tomcat-8.5.53/lib/tomcat-i18n-zh-CN.jar:/Users/bijay/Downloads/apache-tomcat-8.5.53/lib/catalina-ant.jar:/Users/bijay/Downloads/apache-tomcat-8.5.53/lib/ecj-4.6.3.jar:/Users/bijay/Downloads/apache-tomcat-8.5.53/lib/servlet-api.jar:/Users/bijay/Downloads/apache-tomcat-8.5.53/lib/tomcat-util-scan.jar:/Users/bijay/Downloads/apache-tomcat-8.5.53/lib/tomcat-i18n-ja.jar:/Users/bijay/Downloads/apache-tomcat-8.5.53/lib/tomcat-i18n-ru.jar:/Users/bijay/Downloads/apache-tomcat-8.5.53/lib/tomcat-jdbc.jar:/Users/bijay/Downloads/apache-tomcat-8.5.53/lib/tomcat-i18n-fr.jar:/Users/bijay/Downloads/apache-tomcat-8.5.53/lib/tomcat-dbcp.jar:/Users/bijay/.m2/repositor
Launcher Type: SUN_STANDARD

[Global flags]
     intx CICompilerCount                          = 3                                         {product} {ergonomic}
     uint ConcGCThreads                            = 1                                         {product} {ergonomic}
     uint G1ConcRefinementThreads                  = 4                                         {product} {ergonomic}
   size_t G1HeapRegionSize                         = 1048576                                   {product} {ergonomic}
    uintx GCDrainStackTargetSize                   = 64                                        {product} {ergonomic}
   size_t InitialHeapSize                          = 134217728                                 {product} {ergonomic}
   size_t MarkStackSize                            = 4194304                                   {product} {ergonomic}
   size_t MaxHeapSize                              = 2147483648                                {product} {ergonomic}
   size_t MaxNewSize                               = 1287651328                                {product} {ergonomic}
   size_t MinHeapDeltaBytes                        = 1048576                                   {product} {ergonomic}
   size_t MinHeapSize                              = 8388608                                   {product} {ergonomic}
    uintx NonNMethodCodeHeapSize                   = 5832780                                {pd product} {ergonomic}
    uintx NonProfiledCodeHeapSize                  = 122912730                              {pd product} {ergonomic}
    uintx ProfiledCodeHeapSize                     = 122912730                              {pd product} {ergonomic}
    uintx ReservedCodeCacheSize                    = 251658240                              {pd product} {ergonomic}
     bool SegmentedCodeCache                       = true                                      {product} {ergonomic}
   size_t SoftMaxHeapSize                          = 2147483648                             {manageable} {ergonomic}
     bool UseCompressedClassPointers               = true                                 {lp64_product} {ergonomic}
     bool UseCompressedOops                        = true                                 {lp64_product} {ergonomic}
     bool UseG1GC                                  = true                                      {product} {ergonomic}

Logging:
Log output configuration:
 #0: stdout all=warning uptime,level,tags
 #1: stderr all=off uptime,level,tags

Environment Variables:
PATH=/usr/bin:/bin:/usr/sbin:/sbin
SHELL=/bin/bash

Signal Handlers:
SIGSEGV: [libjvm.dylib+0x741570], sa_mask[0]=11111111011111110111111111111111, sa_flags=SA_ONSTACK|SA_RESTART|SA_SIGINFO
SIGBUS: [libjvm.dylib+0x741570], sa_mask[0]=11111111011111110111111111111111, sa_flags=SA_RESTART|SA_SIGINFO
SIGFPE: [libjvm.dylib+0x741570], sa_mask[0]=11111111011111110111111111111111, sa_flags=SA_RESTART|SA_SIGINFO
SIGPIPE: [libjvm.dylib+0x5eb393], sa_mask[0]=11111111011111110111111111111111, sa_flags=SA_RESTART|SA_SIGINFO
SIGXFSZ: [libjvm.dylib+0x5eb393], sa_mask[0]=11111111011111110111111111111111, sa_flags=SA_RESTART|SA_SIGINFO
SIGILL: [libjvm.dylib+0x741570], sa_mask[0]=11111111011111110111111111111111, sa_flags=SA_RESTART|SA_SIGINFO
SIGUSR2: [libjvm.dylib+0x5eb965], sa_mask[0]=00100000000000000000000000000000, sa_flags=SA_RESTART|SA_SIGINFO
SIGHUP: [libjvm.dylib+0x5ea9c7], sa_mask[0]=11111111011111110111111111111111, sa_flags=SA_RESTART|SA_SIGINFO
SIGINT: [libjvm.dylib+0x5ea9c7], sa_mask[0]=11111111011111110111111111111111, sa_flags=SA_RESTART|SA_SIGINFO
SIGTERM: [libjvm.dylib+0x5ea9c7], sa_mask[0]=11111111011111110111111111111111, sa_flags=SA_RESTART|SA_SIGINFO
SIGQUIT: [libjvm.dylib+0x5ea9c7], sa_mask[0]=11111111011111110111111111111111, sa_flags=SA_RESTART|SA_SIGINFO


---------------  S Y S T E M  ---------------

OS:uname:Darwin 20.1.0 Darwin Kernel Version 20.1.0: Sat Oct 31 00:07:11 PDT 2020; root:xnu-7195.50.7~2/RELEASE_X86_64 x86_64
OS uptime: 0 days 0:40 hours
rlimit: STACK 8192k, CORE 0k, NPROC 1392, NOFILE 10240, AS infinity, DATA infinity, FSIZE infinity
load average:4.05 3.49 3.77

CPU:total 4 (initial active 4) (2 cores per cpu, 2 threads per core) family 6 model 61 stepping 4, cmov, cx8, fxsr, mmx, sse, sse2, sse3, ssse3, sse4.1, sse4.2, popcnt, avx, avx2, aes, clmul, erms, rtm, 3dnowpref, lzcnt, ht, tsc, tscinvbit, bmi1, bmi2, adx, fma

Memory: 4k page, physical 8388608k(334672k free), swap 0k(0k free)

vm_info: Java HotSpot(TM) 64-Bit Server VM (14.0.1+7) for bsd-amd64 JRE (14.0.1+7), built on Mar  5 2020 10:34:17 by "mach5one" with clang 4.2.1 Compatible Apple LLVM 10.0.0 (clang-1000.11.45.5)

END.
